SF:lib/src/repositories/authentication_repository.dart
DA:18,0
DA:24,0
DA:25,0
DA:27,0
DA:30,0
DA:35,0
DA:39,0
DA:41,0
DA:43,0
DA:45,0
DA:46,0
DA:49,0
DA:53,0
DA:54,0
DA:57,0
DA:58,0
DA:61,0
DA:63,0
DA:65,0
DA:66,0
DA:67,0
DA:68,0
LF:22
LH:0
end_of_record
SF:lib/src/screens/submit_code/bloc/submit_code_event.dart
DA:4,1
DA:6,0
DA:7,0
DA:13,1
DA:15,0
DA:16,0
DA:20,1
LF:7
LH:3
end_of_record
SF:lib/src/screens/submit_code/bloc/submit_code_bloc.dart
DA:13,1
DA:15,2
DA:16,2
DA:17,2
DA:20,1
DA:21,4
DA:23,1
DA:28,3
DA:29,4
DA:30,3
DA:32,1
DA:33,1
DA:34,2
DA:35,1
LF:14
LH:14
end_of_record
SF:lib/src/screens/submit_code/bloc/submit_code_state.dart
DA:10,1
DA:16,1
DA:21,1
DA:22,1
DA:23,1
DA:24,1
DA:28,0
DA:30,1
DA:31,4
LF:9
LH:8
end_of_record
SF:lib/src/models/auth_model.dart
DA:18,0
DA:19,0
LF:2
LH:0
end_of_record
SF:lib/src/models/auth_model.g.dart
DA:9,0
DA:10,0
DA:11,0
DA:12,0
DA:13,0
DA:14,0
DA:15,0
DA:18,0
DA:19,0
DA:20,0
DA:21,0
DA:22,0
DA:23,0
DA:24,0
LF:14
LH:0
end_of_record
SF:lib/src/models/code_model.dart
DA:9,1
DA:20,0
DA:21,0
DA:25,0
DA:27,0
DA:28,0
DA:29,0
LF:7
LH:1
end_of_record
SF:lib/src/models/code_model.g.dart
DA:9,0
DA:10,0
DA:11,0
DA:12,0
DA:14,0
DA:16,0
DA:17,0
DA:18,0
DA:21,0
DA:22,0
DA:23,0
DA:24,0
DA:25,0
DA:26,0
DA:27,0
DA:28,0
LF:16
LH:0
end_of_record
